2017-04-01 22:26:34,819 - org.springframework.boot.SpringApplication -0    [main] ERROR  - Application startup failed
org.springframework.beans.factory.BeanCreationException: Error creating bean with name 'homeController': Injection of autowired dependencies failed; nested exception is org.springframework.beans.factory.BeanCreationException: Could not autowire field: com.ec.facilitator.base.bal.system.SysUserBiz com.ec.facilitator.site.controllers.HomeController.systemUserBiz; nested exception is org.springframework.beans.factory.BeanCreationException: Error creating bean with name 'sysUserBiz': Injection of autowired dependencies failed; nested exception is org.springframework.beans.factory.BeanCreationException: Could not autowire field: com.ec.facilitator.base.dal.system.SysUserDao com.ec.facilitator.base.bal.system.SysUserBiz.sysUserDao; nested exception is org.springframework.beans.factory.BeanCreationException: Error creating bean with name 'sysUserDao': Injection of autowired dependencies failed; nested exception is org.springframework.beans.factory.BeanCreationException: Could not autowire field: private org.guzz.transaction.TransactionManager com.ec.facilitator.base.util.SpringGuzzBaseDao.transactionManager; nested exception is org.springframework.beans.factory.BeanCreationException: Error creating bean with name 'transactionManager' defined in URL [file:./conf/beans/beans.release.xml]: Cannot resolve reference to bean 'guzzContext' while setting bean property 'GuzzContext'; nested exception is org.springframework.beans.factory.BeanCreationException: Error creating bean with name 'guzzContext' defined in URL [file:./conf/beans/beans.release.xml]: Bean instantiation via factory method failed; nested exception is org.springframework.beans.BeanInstantiationException: Failed to instantiate [org.guzz.GuzzContext]: Factory method 'createGuzzContext' threw exception; nested exception is org.guzz.exception.InvalidConfigurationException: unknown database group:agmsMysql
	at org.springframework.beans.factory.annotation.AutowiredAnnotationBeanPostProcessor.postProcessPropertyValues(AutowiredAnnotationBeanPostProcessor.java:334)
	at org.springframework.beans.factory.support.AbstractAutowireCapableBeanFactory.populateBean(AbstractAutowireCapableBeanFactory.java:1214)
	at org.springframework.beans.factory.support.AbstractAutowireCapableBeanFactory.doCreateBean(AbstractAutowireCapableBeanFactory.java:543)
	at org.springframework.beans.factory.support.AbstractAutowireCapableBeanFactory.createBean(AbstractAutowireCapableBeanFactory.java:482)
	at org.springframework.beans.factory.support.AbstractBeanFactory$1.getObject(AbstractBeanFactory.java:305)
	at org.springframework.beans.factory.support.DefaultSingletonBeanRegistry.getSingleton(DefaultSingletonBeanRegistry.java:230)
	at org.springframework.beans.factory.support.AbstractBeanFactory.doGetBean(AbstractBeanFactory.java:301)
	at org.springframework.beans.factory.support.AbstractBeanFactory.getBean(AbstractBeanFactory.java:196)
	at org.springframework.beans.factory.support.DefaultListableBeanFactory.preInstantiateSingletons(DefaultListableBeanFactory.java:772)
	at org.springframework.context.support.AbstractApplicationContext.finishBeanFactoryInitialization(AbstractApplicationContext.java:834)
	at org.springframework.context.support.AbstractApplicationContext.refresh(AbstractApplicationContext.java:537)
	at org.springframework.boot.context.embedded.EmbeddedWebApplicationContext.refresh(EmbeddedWebApplicationContext.java:118)
	at org.springframework.boot.SpringApplication.refresh(SpringApplication.java:691)
	at org.springframework.boot.SpringApplication.run(SpringApplication.java:321)
	at org.springframework.boot.SpringApplication.run(SpringApplication.java:961)
	at org.springframework.boot.SpringApplication.run(SpringApplication.java:950)
	at com.ec.facilitator.site.Application.main(Application.java:22)
Caused by: org.springframework.beans.factory.BeanCreationException: Could not autowire field: com.ec.facilitator.base.bal.system.SysUserBiz com.ec.facilitator.site.controllers.HomeController.systemUserBiz; nested exception is org.springframework.beans.factory.BeanCreationException: Error creating bean with name 'sysUserBiz': Injection of autowired dependencies failed; nested exception is org.springframework.beans.factory.BeanCreationException: Could not autowire field: com.ec.facilitator.base.dal.system.SysUserDao com.ec.facilitator.base.bal.system.SysUserBiz.sysUserDao; nested exception is org.springframework.beans.factory.BeanCreationException: Error creating bean with name 'sysUserDao': Injection of autowired dependencies failed; nested exception is org.springframework.beans.factory.BeanCreationException: Could not autowire field: private org.guzz.transaction.TransactionManager com.ec.facilitator.base.util.SpringGuzzBaseDao.transactionManager; nested exception is org.springframework.beans.factory.BeanCreationException: Error creating bean with name 'transactionManager' defined in URL [file:./conf/beans/beans.release.xml]: Cannot resolve reference to bean 'guzzContext' while setting bean property 'GuzzContext'; nested exception is org.springframework.beans.factory.BeanCreationException: Error creating bean with name 'guzzContext' defined in URL [file:./conf/beans/beans.release.xml]: Bean instantiation via factory method failed; nested exception is org.springframework.beans.BeanInstantiationException: Failed to instantiate [org.guzz.GuzzContext]: Factory method 'createGuzzContext' threw exception; nested exception is org.guzz.exception.InvalidConfigurationException: unknown database group:agmsMysql
	at org.springframework.beans.factory.annotation.AutowiredAnnotationBeanPostProcessor$AutowiredFieldElement.inject(AutowiredAnnotationBeanPostProcessor.java:571)
	at org.springframework.beans.factory.annotation.InjectionMetadata.inject(InjectionMetadata.java:88)
	at org.springframework.beans.factory.annotation.AutowiredAnnotationBeanPostProcessor.postProcessPropertyValues(AutowiredAnnotationBeanPostProcessor.java:331)
	... 16 more
Caused by: org.springframework.beans.factory.BeanCreationException: Error creating bean with name 'sysUserBiz': Injection of autowired dependencies failed; nested exception is org.springframework.beans.factory.BeanCreationException: Could not autowire field: com.ec.facilitator.base.dal.system.SysUserDao com.ec.facilitator.base.bal.system.SysUserBiz.sysUserDao; nested exception is org.springframework.beans.factory.BeanCreationException: Error creating bean with name 'sysUserDao': Injection of autowired dependencies failed; nested exception is org.springframework.beans.factory.BeanCreationException: Could not autowire field: private org.guzz.transaction.TransactionManager com.ec.facilitator.base.util.SpringGuzzBaseDao.transactionManager; nested exception is org.springframework.beans.factory.BeanCreationException: Error creating bean with name 'transactionManager' defined in URL [file:./conf/beans/beans.release.xml]: Cannot resolve reference to bean 'guzzContext' while setting bean property 'GuzzContext'; nested exception is org.springframework.beans.factory.BeanCreationException: Error creating bean with name 'guzzContext' defined in URL [file:./conf/beans/beans.release.xml]: Bean instantiation via factory method failed; nested exception is org.springframework.beans.BeanInstantiationException: Failed to instantiate [org.guzz.GuzzContext]: Factory method 'createGuzzContext' threw exception; nested exception is org.guzz.exception.InvalidConfigurationException: unknown database group:agmsMysql
	at org.springframework.beans.factory.annotation.AutowiredAnnotationBeanPostProcessor.postProcessPropertyValues(AutowiredAnnotationBeanPostProcessor.java:334)
	at org.springframework.beans.factory.support.AbstractAutowireCapableBeanFactory.populateBean(AbstractAutowireCapableBeanFactory.java:1214)
	at org.springframework.beans.factory.support.AbstractAutowireCapableBeanFactory.doCreateBean(AbstractAutowireCapableBeanFactory.java:543)
	at org.springframework.beans.factory.support.AbstractAutowireCapableBeanFactory.createBean(AbstractAutowireCapableBeanFactory.java:482)
	at org.springframework.beans.factory.support.AbstractBeanFactory$1.getObject(AbstractBeanFactory.java:305)
	at org.springframework.beans.factory.support.DefaultSingletonBeanRegistry.getSingleton(DefaultSingletonBeanRegistry.java:230)
	at org.springframework.beans.factory.support.AbstractBeanFactory.doGetBean(AbstractBeanFactory.java:301)
	at org.springframework.beans.factory.support.AbstractBeanFactory.getBean(AbstractBeanFactory.java:196)
	at org.springframework.beans.factory.support.DefaultListableBeanFactory.findAutowireCandidates(DefaultListableBeanFactory.java:1145)
	at org.springframework.beans.factory.support.DefaultListableBeanFactory.doResolveDependency(DefaultListableBeanFactory.java:1069)
	at org.springframework.beans.factory.support.DefaultListableBeanFactory.resolveDependency(DefaultListableBeanFactory.java:967)
	at org.springframework.beans.factory.annotation.AutowiredAnnotationBeanPostProcessor$AutowiredFieldElement.inject(AutowiredAnnotationBeanPostProcessor.java:543)
	... 18 more
Caused by: org.springframework.beans.factory.BeanCreationException: Could not autowire field: com.ec.facilitator.base.dal.system.SysUserDao com.ec.facilitator.base.bal.system.SysUserBiz.sysUserDao; nested exception is org.springframework.beans.factory.BeanCreationException: Error creating bean with name 'sysUserDao': Injection of autowired dependencies failed; nested exception is org.springframework.beans.factory.BeanCreationException: Could not autowire field: private org.guzz.transaction.TransactionManager com.ec.facilitator.base.util.SpringGuzzBaseDao.transactionManager; nested exception is org.springframework.beans.factory.BeanCreationException: Error creating bean with name 'transactionManager' defined in URL [file:./conf/beans/beans.release.xml]: Cannot resolve reference to bean 'guzzContext' while setting bean property 'GuzzContext'; nested exception is org.springframework.beans.factory.BeanCreationException: Error creating bean with name 'guzzContext' defined in URL [file:./conf/beans/beans.release.xml]: Bean instantiation via factory method failed; nested exception is org.springframework.beans.BeanInstantiationException: Failed to instantiate [org.guzz.GuzzContext]: Factory method 'createGuzzContext' threw exception; nested exception is org.guzz.exception.InvalidConfigurationException: unknown database group:agmsMysql
	at org.springframework.beans.factory.annotation.AutowiredAnnotationBeanPostProcessor$AutowiredFieldElement.inject(AutowiredAnnotationBeanPostProcessor.java:571)
	at org.springframework.beans.factory.annotation.InjectionMetadata.inject(InjectionMetadata.java:88)
	at org.springframework.beans.factory.annotation.AutowiredAnnotationBeanPostProcessor.postProcessPropertyValues(AutowiredAnnotationBeanPostProcessor.java:331)
	... 29 more
Caused by: org.springframework.beans.factory.BeanCreationException: Error creating bean with name 'sysUserDao': Injection of autowired dependencies failed; nested exception is org.springframework.beans.factory.BeanCreationException: Could not autowire field: private org.guzz.transaction.TransactionManager com.ec.facilitator.base.util.SpringGuzzBaseDao.transactionManager; nested exception is org.springframework.beans.factory.BeanCreationException: Error creating bean with name 'transactionManager' defined in URL [file:./conf/beans/beans.release.xml]: Cannot resolve reference to bean 'guzzContext' while setting bean property 'GuzzContext'; nested exception is org.springframework.beans.factory.BeanCreationException: Error creating bean with name 'guzzContext' defined in URL [file:./conf/beans/beans.release.xml]: Bean instantiation via factory method failed; nested exception is org.springframework.beans.BeanInstantiationException: Failed to instantiate [org.guzz.GuzzContext]: Factory method 'createGuzzContext' threw exception; nested exception is org.guzz.exception.InvalidConfigurationException: unknown database group:agmsMysql
	at org.springframework.beans.factory.annotation.AutowiredAnnotationBeanPostProcessor.postProcessPropertyValues(AutowiredAnnotationBeanPostProcessor.java:334)
	at org.springframework.beans.factory.support.AbstractAutowireCapableBeanFactory.populateBean(AbstractAutowireCapableBeanFactory.java:1214)
	at org.springframework.beans.factory.support.AbstractAutowireCapableBeanFactory.doCreateBean(AbstractAutowireCapableBeanFactory.java:543)
	at org.springframework.beans.factory.support.AbstractAutowireCapableBeanFactory.createBean(AbstractAutowireCapableBeanFactory.java:482)
	at org.springframework.beans.factory.support.AbstractBeanFactory$1.getObject(AbstractBeanFactory.java:305)
	at org.springframework.beans.factory.support.DefaultSingletonBeanRegistry.getSingleton(DefaultSingletonBeanRegistry.java:230)
	at org.springframework.beans.factory.support.AbstractBeanFactory.doGetBean(AbstractBeanFactory.java:301)
	at org.springframework.beans.factory.support.AbstractBeanFactory.getBean(AbstractBeanFactory.java:196)
	at org.springframework.beans.factory.support.DefaultListableBeanFactory.findAutowireCandidates(DefaultListableBeanFactory.java:1145)
	at org.springframework.beans.factory.support.DefaultListableBeanFactory.doResolveDependency(DefaultListableBeanFactory.java:1069)
	at org.springframework.beans.factory.support.DefaultListableBeanFactory.resolveDependency(DefaultListableBeanFactory.java:967)
	at org.springframework.beans.factory.annotation.AutowiredAnnotationBeanPostProcessor$AutowiredFieldElement.inject(AutowiredAnnotationBeanPostProcessor.java:543)
	... 31 more
Caused by: org.springframework.beans.factory.BeanCreationException: Could not autowire field: private org.guzz.transaction.TransactionManager com.ec.facilitator.base.util.SpringGuzzBaseDao.transactionManager; nested exception is org.springframework.beans.factory.BeanCreationException: Error creating bean with name 'transactionManager' defined in URL [file:./conf/beans/beans.release.xml]: Cannot resolve reference to bean 'guzzContext' while setting bean property 'GuzzContext'; nested exception is org.springframework.beans.factory.BeanCreationException: Error creating bean with name 'guzzContext' defined in URL [file:./conf/beans/beans.release.xml]: Bean instantiation via factory method failed; nested exception is org.springframework.beans.BeanInstantiationException: Failed to instantiate [org.guzz.GuzzContext]: Factory method 'createGuzzContext' threw exception; nested exception is org.guzz.exception.InvalidConfigurationException: unknown database group:agmsMysql
	at org.springframework.beans.factory.annotation.AutowiredAnnotationBeanPostProcessor$AutowiredFieldElement.inject(AutowiredAnnotationBeanPostProcessor.java:571)
	at org.springframework.beans.factory.annotation.InjectionMetadata.inject(InjectionMetadata.java:88)
	at org.springframework.beans.factory.annotation.AutowiredAnnotationBeanPostProcessor.postProcessPropertyValues(AutowiredAnnotationBeanPostProcessor.java:331)
	... 42 more
Caused by: org.springframework.beans.factory.BeanCreationException: Error creating bean with name 'transactionManager' defined in URL [file:./conf/beans/beans.release.xml]: Cannot resolve reference to bean 'guzzContext' while setting bean property 'GuzzContext'; nested exception is org.springframework.beans.factory.BeanCreationException: Error creating bean with name 'guzzContext' defined in URL [file:./conf/beans/beans.release.xml]: Bean instantiation via factory method failed; nested exception is org.springframework.beans.BeanInstantiationException: Failed to instantiate [org.guzz.GuzzContext]: Factory method 'createGuzzContext' threw exception; nested exception is org.guzz.exception.InvalidConfigurationException: unknown database group:agmsMysql
	at org.springframework.beans.factory.support.BeanDefinitionValueResolver.resolveReference(BeanDefinitionValueResolver.java:359)
	at org.springframework.beans.factory.support.BeanDefinitionValueResolver.resolveValueIfNecessary(BeanDefinitionValueResolver.java:108)
	at org.springframework.beans.factory.support.AbstractAutowireCapableBeanFactory.applyPropertyValues(AbstractAutowireCapableBeanFactory.java:1481)
	at org.springframework.beans.factory.support.AbstractAutowireCapableBeanFactory.populateBean(AbstractAutowireCapableBeanFactory.java:1226)
	at org.springframework.beans.factory.support.AbstractAutowireCapableBeanFactory.doCreateBean(AbstractAutowireCapableBeanFactory.java:543)
	at org.springframework.beans.factory.support.AbstractAutowireCapableBeanFactory.createBean(AbstractAutowireCapableBeanFactory.java:482)
	at org.springframework.beans.factory.support.AbstractBeanFactory$1.getObject(AbstractBeanFactory.java:305)
	at org.springframework.beans.factory.support.DefaultSingletonBeanRegistry.getSingleton(DefaultSingletonBeanRegistry.java:230)
	at org.springframework.beans.factory.support.AbstractBeanFactory.doGetBean(AbstractBeanFactory.java:301)
	at org.springframework.beans.factory.support.AbstractBeanFactory.getBean(AbstractBeanFactory.java:196)
	at org.springframework.beans.factory.support.ConstructorResolver.instantiateUsingFactoryMethod(ConstructorResolver.java:368)
	at org.springframework.beans.factory.support.AbstractAutowireCapableBeanFactory.instantiateUsingFactoryMethod(AbstractAutowireCapableBeanFactory.java:1123)
	at org.springframework.beans.factory.support.AbstractAutowireCapableBeanFactory.createBeanInstance(AbstractAutowireCapableBeanFactory.java:1018)
	at org.springframework.beans.factory.support.AbstractAutowireCapableBeanFactory.doCreateBean(AbstractAutowireCapableBeanFactory.java:510)
	at org.springframework.beans.factory.support.AbstractAutowireCapableBeanFactory.createBean(AbstractAutowireCapableBeanFactory.java:482)
	at org.springframework.beans.factory.support.AbstractBeanFactory$1.getObject(AbstractBeanFactory.java:305)
	at org.springframework.beans.factory.support.DefaultSingletonBeanRegistry.getSingleton(DefaultSingletonBeanRegistry.java:230)
	at org.springframework.beans.factory.support.AbstractBeanFactory.doGetBean(AbstractBeanFactory.java:301)
	at org.springframework.beans.factory.support.AbstractBeanFactory.getBean(AbstractBeanFactory.java:196)
	at org.springframework.beans.factory.support.DefaultListableBeanFactory.findAutowireCandidates(DefaultListableBeanFactory.java:1145)
	at org.springframework.beans.factory.support.DefaultListableBeanFactory.doResolveDependency(DefaultListableBeanFactory.java:1069)
	at org.springframework.beans.factory.support.DefaultListableBeanFactory.resolveDependency(DefaultListableBeanFactory.java:967)
	at org.springframework.beans.factory.annotation.AutowiredAnnotationBeanPostProcessor$AutowiredFieldElement.inject(AutowiredAnnotationBeanPostProcessor.java:543)
	... 44 more
Caused by: org.springframework.beans.factory.BeanCreationException: Error creating bean with name 'guzzContext' defined in URL [file:./conf/beans/beans.release.xml]: Bean instantiation via factory method failed; nested exception is org.springframework.beans.BeanInstantiationException: Failed to instantiate [org.guzz.GuzzContext]: Factory method 'createGuzzContext' threw exception; nested exception is org.guzz.exception.InvalidConfigurationException: unknown database group:agmsMysql
	at org.springframework.beans.factory.support.ConstructorResolver.instantiateUsingFactoryMethod(ConstructorResolver.java:599)
	at org.springframework.beans.factory.support.AbstractAutowireCapableBeanFactory.instantiateUsingFactoryMethod(AbstractAutowireCapableBeanFactory.java:1123)
	at org.springframework.beans.factory.support.AbstractAutowireCapableBeanFactory.createBeanInstance(AbstractAutowireCapableBeanFactory.java:1018)
	at org.springframework.beans.factory.support.AbstractAutowireCapableBeanFactory.doCreateBean(AbstractAutowireCapableBeanFactory.java:510)
	at org.springframework.beans.factory.support.AbstractAutowireCapableBeanFactory.createBean(AbstractAutowireCapableBeanFactory.java:482)
	at org.springframework.beans.factory.support.AbstractBeanFactory$1.getObject(AbstractBeanFactory.java:305)
	at org.springframework.beans.factory.support.DefaultSingletonBeanRegistry.getSingleton(DefaultSingletonBeanRegistry.java:230)
	at org.springframework.beans.factory.support.AbstractBeanFactory.doGetBean(AbstractBeanFactory.java:301)
	at org.springframework.beans.factory.support.AbstractBeanFactory.getBean(AbstractBeanFactory.java:196)
	at org.springframework.beans.factory.support.BeanDefinitionValueResolver.resolveReference(BeanDefinitionValueResolver.java:351)
	... 66 more
Caused by: org.springframework.beans.BeanInstantiationException: Failed to instantiate [org.guzz.GuzzContext]: Factory method 'createGuzzContext' threw exception; nested exception is org.guzz.exception.InvalidConfigurationException: unknown database group:agmsMysql
	at org.springframework.beans.factory.support.SimpleInstantiationStrategy.instantiate(SimpleInstantiationStrategy.java:189)
	at org.springframework.beans.factory.support.ConstructorResolver.instantiateUsingFactoryMethod(ConstructorResolver.java:588)
	... 75 more
Caused by: org.guzz.exception.InvalidConfigurationException: unknown database group:agmsMysql
	at org.guzz.connection.DBGroupManager.getGroup(DBGroupManager.java:38)
	at org.guzz.GuzzContextImpl.getDBGroup(GuzzContextImpl.java:523)
	at org.guzz.orm.mapping.ObjectMappingUtil.createResultMapping(ObjectMappingUtil.java:57)
	at org.guzz.builder.GuzzConfigFileBuilder.loadORM(GuzzConfigFileBuilder.java:583)
	at org.guzz.builder.GuzzConfigFileBuilder.loadSQLMap(GuzzConfigFileBuilder.java:682)
	at org.guzz.builder.GuzzConfigFileBuilder.listConfiguedCompiledSQLs(GuzzConfigFileBuilder.java:631)
	at org.guzz.GuzzContextImpl.initFromMainConfig(GuzzContextImpl.java:218)
	at org.guzz.Configuration.newGuzzContext(Configuration.java:46)
	at org.guzz.web.context.spring.GuzzContextBeanFactory.createGuzzContext(GuzzContextBeanFactory.java:41)
	at sun.reflect.NativeMethodAccessorImpl.invoke0(Native Method)
	at sun.reflect.NativeMethodAccessorImpl.invoke(Unknown Source)
	at sun.reflect.DelegatingMethodAccessorImpl.invoke(Unknown Source)
	at java.lang.reflect.Method.invoke(Unknown Source)
	at org.springframework.beans.factory.support.SimpleInstantiationStrategy.instantiate(SimpleInstantiationStrategy.java:162)
	... 76 more
2017-04-01 22:27:51,130 - org.springframework.boot.SpringApplication -16   [main] ERROR  - Application startup failed
org.springframework.beans.factory.BeanCreationException: Error creating bean with name 'homeController': Injection of autowired dependencies failed; nested exception is org.springframework.beans.factory.BeanCreationException: Could not autowire field: com.ec.facilitator.base.bal.system.SysUserBiz com.ec.facilitator.site.controllers.HomeController.systemUserBiz; nested exception is org.springframework.beans.factory.BeanCreationException: Error creating bean with name 'sysUserBiz': Injection of autowired dependencies failed; nested exception is org.springframework.beans.factory.BeanCreationException: Could not autowire field: com.ec.facilitator.base.dal.system.SysUserDao com.ec.facilitator.base.bal.system.SysUserBiz.sysUserDao; nested exception is org.springframework.beans.factory.BeanCreationException: Error creating bean with name 'sysUserDao': Injection of autowired dependencies failed; nested exception is org.springframework.beans.factory.BeanCreationException: Could not autowire field: private org.guzz.transaction.TransactionManager com.ec.facilitator.base.util.SpringGuzzBaseDao.transactionManager; nested exception is org.springframework.beans.factory.BeanCreationException: Error creating bean with name 'transactionManager' defined in URL [file:./conf/beans/beans.release.xml]: Cannot resolve reference to bean 'guzzContext' while setting bean property 'GuzzContext'; nested exception is org.springframework.beans.factory.BeanCreationException: Error creating bean with name 'guzzContext' defined in URL [file:./conf/beans/beans.release.xml]: Bean instantiation via factory method failed; nested exception is org.springframework.beans.BeanInstantiationException: Failed to instantiate [org.guzz.GuzzContext]: Factory method 'createGuzzContext' threw exception; nested exception is org.guzz.exception.InvalidConfigurationException: unknown database group:agmsMysql
	at org.springframework.beans.factory.annotation.AutowiredAnnotationBeanPostProcessor.postProcessPropertyValues(AutowiredAnnotationBeanPostProcessor.java:334)
	at org.springframework.beans.factory.support.AbstractAutowireCapableBeanFactory.populateBean(AbstractAutowireCapableBeanFactory.java:1214)
	at org.springframework.beans.factory.support.AbstractAutowireCapableBeanFactory.doCreateBean(AbstractAutowireCapableBeanFactory.java:543)
	at org.springframework.beans.factory.support.AbstractAutowireCapableBeanFactory.createBean(AbstractAutowireCapableBeanFactory.java:482)
	at org.springframework.beans.factory.support.AbstractBeanFactory$1.getObject(AbstractBeanFactory.java:305)
	at org.springframework.beans.factory.support.DefaultSingletonBeanRegistry.getSingleton(DefaultSingletonBeanRegistry.java:230)
	at org.springframework.beans.factory.support.AbstractBeanFactory.doGetBean(AbstractBeanFactory.java:301)
	at org.springframework.beans.factory.support.AbstractBeanFactory.getBean(AbstractBeanFactory.java:196)
	at org.springframework.beans.factory.support.DefaultListableBeanFactory.preInstantiateSingletons(DefaultListableBeanFactory.java:772)
	at org.springframework.context.support.AbstractApplicationContext.finishBeanFactoryInitialization(AbstractApplicationContext.java:834)
	at org.springframework.context.support.AbstractApplicationContext.refresh(AbstractApplicationContext.java:537)
	at org.springframework.boot.context.embedded.EmbeddedWebApplicationContext.refresh(EmbeddedWebApplicationContext.java:118)
	at org.springframework.boot.SpringApplication.refresh(SpringApplication.java:691)
	at org.springframework.boot.SpringApplication.run(SpringApplication.java:321)
	at org.springframework.boot.SpringApplication.run(SpringApplication.java:961)
	at org.springframework.boot.SpringApplication.run(SpringApplication.java:950)
	at com.ec.facilitator.site.Application.main(Application.java:22)
Caused by: org.springframework.beans.factory.BeanCreationException: Could not autowire field: com.ec.facilitator.base.bal.system.SysUserBiz com.ec.facilitator.site.controllers.HomeController.systemUserBiz; nested exception is org.springframework.beans.factory.BeanCreationException: Error creating bean with name 'sysUserBiz': Injection of autowired dependencies failed; nested exception is org.springframework.beans.factory.BeanCreationException: Could not autowire field: com.ec.facilitator.base.dal.system.SysUserDao com.ec.facilitator.base.bal.system.SysUserBiz.sysUserDao; nested exception is org.springframework.beans.factory.BeanCreationException: Error creating bean with name 'sysUserDao': Injection of autowired dependencies failed; nested exception is org.springframework.beans.factory.BeanCreationException: Could not autowire field: private org.guzz.transaction.TransactionManager com.ec.facilitator.base.util.SpringGuzzBaseDao.transactionManager; nested exception is org.springframework.beans.factory.BeanCreationException: Error creating bean with name 'transactionManager' defined in URL [file:./conf/beans/beans.release.xml]: Cannot resolve reference to bean 'guzzContext' while setting bean property 'GuzzContext'; nested exception is org.springframework.beans.factory.BeanCreationException: Error creating bean with name 'guzzContext' defined in URL [file:./conf/beans/beans.release.xml]: Bean instantiation via factory method failed; nested exception is org.springframework.beans.BeanInstantiationException: Failed to instantiate [org.guzz.GuzzContext]: Factory method 'createGuzzContext' threw exception; nested exception is org.guzz.exception.InvalidConfigurationException: unknown database group:agmsMysql
	at org.springframework.beans.factory.annotation.AutowiredAnnotationBeanPostProcessor$AutowiredFieldElement.inject(AutowiredAnnotationBeanPostProcessor.java:571)
	at org.springframework.beans.factory.annotation.InjectionMetadata.inject(InjectionMetadata.java:88)
	at org.springframework.beans.factory.annotation.AutowiredAnnotationBeanPostProcessor.postProcessPropertyValues(AutowiredAnnotationBeanPostProcessor.java:331)
	... 16 more
Caused by: org.springframework.beans.factory.BeanCreationException: Error creating bean with name 'sysUserBiz': Injection of autowired dependencies failed; nested exception is org.springframework.beans.factory.BeanCreationException: Could not autowire field: com.ec.facilitator.base.dal.system.SysUserDao com.ec.facilitator.base.bal.system.SysUserBiz.sysUserDao; nested exception is org.springframework.beans.factory.BeanCreationException: Error creating bean with name 'sysUserDao': Injection of autowired dependencies failed; nested exception is org.springframework.beans.factory.BeanCreationException: Could not autowire field: private org.guzz.transaction.TransactionManager com.ec.facilitator.base.util.SpringGuzzBaseDao.transactionManager; nested exception is org.springframework.beans.factory.BeanCreationException: Error creating bean with name 'transactionManager' defined in URL [file:./conf/beans/beans.release.xml]: Cannot resolve reference to bean 'guzzContext' while setting bean property 'GuzzContext'; nested exception is org.springframework.beans.factory.BeanCreationException: Error creating bean with name 'guzzContext' defined in URL [file:./conf/beans/beans.release.xml]: Bean instantiation via factory method failed; nested exception is org.springframework.beans.BeanInstantiationException: Failed to instantiate [org.guzz.GuzzContext]: Factory method 'createGuzzContext' threw exception; nested exception is org.guzz.exception.InvalidConfigurationException: unknown database group:agmsMysql
	at org.springframework.beans.factory.annotation.AutowiredAnnotationBeanPostProcessor.postProcessPropertyValues(AutowiredAnnotationBeanPostProcessor.java:334)
	at org.springframework.beans.factory.support.AbstractAutowireCapableBeanFactory.populateBean(AbstractAutowireCapableBeanFactory.java:1214)
	at org.springframework.beans.factory.support.AbstractAutowireCapableBeanFactory.doCreateBean(AbstractAutowireCapableBeanFactory.java:543)
	at org.springframework.beans.factory.support.AbstractAutowireCapableBeanFactory.createBean(AbstractAutowireCapableBeanFactory.java:482)
	at org.springframework.beans.factory.support.AbstractBeanFactory$1.getObject(AbstractBeanFactory.java:305)
	at org.springframework.beans.factory.support.DefaultSingletonBeanRegistry.getSingleton(DefaultSingletonBeanRegistry.java:230)
	at org.springframework.beans.factory.support.AbstractBeanFactory.doGetBean(AbstractBeanFactory.java:301)
	at org.springframework.beans.factory.support.AbstractBeanFactory.getBean(AbstractBeanFactory.java:196)
	at org.springframework.beans.factory.support.DefaultListableBeanFactory.findAutowireCandidates(DefaultListableBeanFactory.java:1145)
	at org.springframework.beans.factory.support.DefaultListableBeanFactory.doResolveDependency(DefaultListableBeanFactory.java:1069)
	at org.springframework.beans.factory.support.DefaultListableBeanFactory.resolveDependency(DefaultListableBeanFactory.java:967)
	at org.springframework.beans.factory.annotation.AutowiredAnnotationBeanPostProcessor$AutowiredFieldElement.inject(AutowiredAnnotationBeanPostProcessor.java:543)
	... 18 more
Caused by: org.springframework.beans.factory.BeanCreationException: Could not autowire field: com.ec.facilitator.base.dal.system.SysUserDao com.ec.facilitator.base.bal.system.SysUserBiz.sysUserDao; nested exception is org.springframework.beans.factory.BeanCreationException: Error creating bean with name 'sysUserDao': Injection of autowired dependencies failed; nested exception is org.springframework.beans.factory.BeanCreationException: Could not autowire field: private org.guzz.transaction.TransactionManager com.ec.facilitator.base.util.SpringGuzzBaseDao.transactionManager; nested exception is org.springframework.beans.factory.BeanCreationException: Error creating bean with name 'transactionManager' defined in URL [file:./conf/beans/beans.release.xml]: Cannot resolve reference to bean 'guzzContext' while setting bean property 'GuzzContext'; nested exception is org.springframework.beans.factory.BeanCreationException: Error creating bean with name 'guzzContext' defined in URL [file:./conf/beans/beans.release.xml]: Bean instantiation via factory method failed; nested exception is org.springframework.beans.BeanInstantiationException: Failed to instantiate [org.guzz.GuzzContext]: Factory method 'createGuzzContext' threw exception; nested exception is org.guzz.exception.InvalidConfigurationException: unknown database group:agmsMysql
	at org.springframework.beans.factory.annotation.AutowiredAnnotationBeanPostProcessor$AutowiredFieldElement.inject(AutowiredAnnotationBeanPostProcessor.java:571)
	at org.springframework.beans.factory.annotation.InjectionMetadata.inject(InjectionMetadata.java:88)
	at org.springframework.beans.factory.annotation.AutowiredAnnotationBeanPostProcessor.postProcessPropertyValues(AutowiredAnnotationBeanPostProcessor.java:331)
	... 29 more
Caused by: org.springframework.beans.factory.BeanCreationException: Error creating bean with name 'sysUserDao': Injection of autowired dependencies failed; nested exception is org.springframework.beans.factory.BeanCreationException: Could not autowire field: private org.guzz.transaction.TransactionManager com.ec.facilitator.base.util.SpringGuzzBaseDao.transactionManager; nested exception is org.springframework.beans.factory.BeanCreationException: Error creating bean with name 'transactionManager' defined in URL [file:./conf/beans/beans.release.xml]: Cannot resolve reference to bean 'guzzContext' while setting bean property 'GuzzContext'; nested exception is org.springframework.beans.factory.BeanCreationException: Error creating bean with name 'guzzContext' defined in URL [file:./conf/beans/beans.release.xml]: Bean instantiation via factory method failed; nested exception is org.springframework.beans.BeanInstantiationException: Failed to instantiate [org.guzz.GuzzContext]: Factory method 'createGuzzContext' threw exception; nested exception is org.guzz.exception.InvalidConfigurationException: unknown database group:agmsMysql
	at org.springframework.beans.factory.annotation.AutowiredAnnotationBeanPostProcessor.postProcessPropertyValues(AutowiredAnnotationBeanPostProcessor.java:334)
	at org.springframework.beans.factory.support.AbstractAutowireCapableBeanFactory.populateBean(AbstractAutowireCapableBeanFactory.java:1214)
	at org.springframework.beans.factory.support.AbstractAutowireCapableBeanFactory.doCreateBean(AbstractAutowireCapableBeanFactory.java:543)
	at org.springframework.beans.factory.support.AbstractAutowireCapableBeanFactory.createBean(AbstractAutowireCapableBeanFactory.java:482)
	at org.springframework.beans.factory.support.AbstractBeanFactory$1.getObject(AbstractBeanFactory.java:305)
	at org.springframework.beans.factory.support.DefaultSingletonBeanRegistry.getSingleton(DefaultSingletonBeanRegistry.java:230)
	at org.springframework.beans.factory.support.AbstractBeanFactory.doGetBean(AbstractBeanFactory.java:301)
	at org.springframework.beans.factory.support.AbstractBeanFactory.getBean(AbstractBeanFactory.java:196)
	at org.springframework.beans.factory.support.DefaultListableBeanFactory.findAutowireCandidates(DefaultListableBeanFactory.java:1145)
	at org.springframework.beans.factory.support.DefaultListableBeanFactory.doResolveDependency(DefaultListableBeanFactory.java:1069)
	at org.springframework.beans.factory.support.DefaultListableBeanFactory.resolveDependency(DefaultListableBeanFactory.java:967)
	at org.springframework.beans.factory.annotation.AutowiredAnnotationBeanPostProcessor$AutowiredFieldElement.inject(AutowiredAnnotationBeanPostProcessor.java:543)
	... 31 more
Caused by: org.springframework.beans.factory.BeanCreationException: Could not autowire field: private org.guzz.transaction.TransactionManager com.ec.facilitator.base.util.SpringGuzzBaseDao.transactionManager; nested exception is org.springframework.beans.factory.BeanCreationException: Error creating bean with name 'transactionManager' defined in URL [file:./conf/beans/beans.release.xml]: Cannot resolve reference to bean 'guzzContext' while setting bean property 'GuzzContext'; nested exception is org.springframework.beans.factory.BeanCreationException: Error creating bean with name 'guzzContext' defined in URL [file:./conf/beans/beans.release.xml]: Bean instantiation via factory method failed; nested exception is org.springframework.beans.BeanInstantiationException: Failed to instantiate [org.guzz.GuzzContext]: Factory method 'createGuzzContext' threw exception; nested exception is org.guzz.exception.InvalidConfigurationException: unknown database group:agmsMysql
	at org.springframework.beans.factory.annotation.AutowiredAnnotationBeanPostProcessor$AutowiredFieldElement.inject(AutowiredAnnotationBeanPostProcessor.java:571)
	at org.springframework.beans.factory.annotation.InjectionMetadata.inject(InjectionMetadata.java:88)
	at org.springframework.beans.factory.annotation.AutowiredAnnotationBeanPostProcessor.postProcessPropertyValues(AutowiredAnnotationBeanPostProcessor.java:331)
	... 42 more
Caused by: org.springframework.beans.factory.BeanCreationException: Error creating bean with name 'transactionManager' defined in URL [file:./conf/beans/beans.release.xml]: Cannot resolve reference to bean 'guzzContext' while setting bean property 'GuzzContext'; nested exception is org.springframework.beans.factory.BeanCreationException: Error creating bean with name 'guzzContext' defined in URL [file:./conf/beans/beans.release.xml]: Bean instantiation via factory method failed; nested exception is org.springframework.beans.BeanInstantiationException: Failed to instantiate [org.guzz.GuzzContext]: Factory method 'createGuzzContext' threw exception; nested exception is org.guzz.exception.InvalidConfigurationException: unknown database group:agmsMysql
	at org.springframework.beans.factory.support.BeanDefinitionValueResolver.resolveReference(BeanDefinitionValueResolver.java:359)
	at org.springframework.beans.factory.support.BeanDefinitionValueResolver.resolveValueIfNecessary(BeanDefinitionValueResolver.java:108)
	at org.springframework.beans.factory.support.AbstractAutowireCapableBeanFactory.applyPropertyValues(AbstractAutowireCapableBeanFactory.java:1481)
	at org.springframework.beans.factory.support.AbstractAutowireCapableBeanFactory.populateBean(AbstractAutowireCapableBeanFactory.java:1226)
	at org.springframework.beans.factory.support.AbstractAutowireCapableBeanFactory.doCreateBean(AbstractAutowireCapableBeanFactory.java:543)
	at org.springframework.beans.factory.support.AbstractAutowireCapableBeanFactory.createBean(AbstractAutowireCapableBeanFactory.java:482)
	at org.springframework.beans.factory.support.AbstractBeanFactory$1.getObject(AbstractBeanFactory.java:305)
	at org.springframework.beans.factory.support.DefaultSingletonBeanRegistry.getSingleton(DefaultSingletonBeanRegistry.java:230)
	at org.springframework.beans.factory.support.AbstractBeanFactory.doGetBean(AbstractBeanFactory.java:301)
	at org.springframework.beans.factory.support.AbstractBeanFactory.getBean(AbstractBeanFactory.java:196)
	at org.springframework.beans.factory.support.ConstructorResolver.instantiateUsingFactoryMethod(ConstructorResolver.java:368)
	at org.springframework.beans.factory.support.AbstractAutowireCapableBeanFactory.instantiateUsingFactoryMethod(AbstractAutowireCapableBeanFactory.java:1123)
	at org.springframework.beans.factory.support.AbstractAutowireCapableBeanFactory.createBeanInstance(AbstractAutowireCapableBeanFactory.java:1018)
	at org.springframework.beans.factory.support.AbstractAutowireCapableBeanFactory.doCreateBean(AbstractAutowireCapableBeanFactory.java:510)
	at org.springframework.beans.factory.support.AbstractAutowireCapableBeanFactory.createBean(AbstractAutowireCapableBeanFactory.java:482)
	at org.springframework.beans.factory.support.AbstractBeanFactory$1.getObject(AbstractBeanFactory.java:305)
	at org.springframework.beans.factory.support.DefaultSingletonBeanRegistry.getSingleton(DefaultSingletonBeanRegistry.java:230)
	at org.springframework.beans.factory.support.AbstractBeanFactory.doGetBean(AbstractBeanFactory.java:301)
	at org.springframework.beans.factory.support.AbstractBeanFactory.getBean(AbstractBeanFactory.java:196)
	at org.springframework.beans.factory.support.DefaultListableBeanFactory.findAutowireCandidates(DefaultListableBeanFactory.java:1145)
	at org.springframework.beans.factory.support.DefaultListableBeanFactory.doResolveDependency(DefaultListableBeanFactory.java:1069)
	at org.springframework.beans.factory.support.DefaultListableBeanFactory.resolveDependency(DefaultListableBeanFactory.java:967)
	at org.springframework.beans.factory.annotation.AutowiredAnnotationBeanPostProcessor$AutowiredFieldElement.inject(AutowiredAnnotationBeanPostProcessor.java:543)
	... 44 more
Caused by: org.springframework.beans.factory.BeanCreationException: Error creating bean with name 'guzzContext' defined in URL [file:./conf/beans/beans.release.xml]: Bean instantiation via factory method failed; nested exception is org.springframework.beans.BeanInstantiationException: Failed to instantiate [org.guzz.GuzzContext]: Factory method 'createGuzzContext' threw exception; nested exception is org.guzz.exception.InvalidConfigurationException: unknown database group:agmsMysql
	at org.springframework.beans.factory.support.ConstructorResolver.instantiateUsingFactoryMethod(ConstructorResolver.java:599)
	at org.springframework.beans.factory.support.AbstractAutowireCapableBeanFactory.instantiateUsingFactoryMethod(AbstractAutowireCapableBeanFactory.java:1123)
	at org.springframework.beans.factory.support.AbstractAutowireCapableBeanFactory.createBeanInstance(AbstractAutowireCapableBeanFactory.java:1018)
	at org.springframework.beans.factory.support.AbstractAutowireCapableBeanFactory.doCreateBean(AbstractAutowireCapableBeanFactory.java:510)
	at org.springframework.beans.factory.support.AbstractAutowireCapableBeanFactory.createBean(AbstractAutowireCapableBeanFactory.java:482)
	at org.springframework.beans.factory.support.AbstractBeanFactory$1.getObject(AbstractBeanFactory.java:305)
	at org.springframework.beans.factory.support.DefaultSingletonBeanRegistry.getSingleton(DefaultSingletonBeanRegistry.java:230)
	at org.springframework.beans.factory.support.AbstractBeanFactory.doGetBean(AbstractBeanFactory.java:301)
	at org.springframework.beans.factory.support.AbstractBeanFactory.getBean(AbstractBeanFactory.java:196)
	at org.springframework.beans.factory.support.BeanDefinitionValueResolver.resolveReference(BeanDefinitionValueResolver.java:351)
	... 66 more
Caused by: org.springframework.beans.BeanInstantiationException: Failed to instantiate [org.guzz.GuzzContext]: Factory method 'createGuzzContext' threw exception; nested exception is org.guzz.exception.InvalidConfigurationException: unknown database group:agmsMysql
	at org.springframework.beans.factory.support.SimpleInstantiationStrategy.instantiate(SimpleInstantiationStrategy.java:189)
	at org.springframework.beans.factory.support.ConstructorResolver.instantiateUsingFactoryMethod(ConstructorResolver.java:588)
	... 75 more
Caused by: org.guzz.exception.InvalidConfigurationException: unknown database group:agmsMysql
	at org.guzz.connection.DBGroupManager.getGroup(DBGroupManager.java:38)
	at org.guzz.GuzzContextImpl.getDBGroup(GuzzContextImpl.java:523)
	at org.guzz.orm.mapping.ObjectMappingUtil.createResultMapping(ObjectMappingUtil.java:57)
	at org.guzz.builder.GuzzConfigFileBuilder.loadORM(GuzzConfigFileBuilder.java:583)
	at org.guzz.builder.GuzzConfigFileBuilder.loadSQLMap(GuzzConfigFileBuilder.java:682)
	at org.guzz.builder.GuzzConfigFileBuilder.listConfiguedCompiledSQLs(GuzzConfigFileBuilder.java:631)
	at org.guzz.GuzzContextImpl.initFromMainConfig(GuzzContextImpl.java:218)
	at org.guzz.Configuration.newGuzzContext(Configuration.java:46)
	at org.guzz.web.context.spring.GuzzContextBeanFactory.createGuzzContext(GuzzContextBeanFactory.java:41)
	at sun.reflect.NativeMethodAccessorImpl.invoke0(Native Method)
	at sun.reflect.NativeMethodAccessorImpl.invoke(Unknown Source)
	at sun.reflect.DelegatingMethodAccessorImpl.invoke(Unknown Source)
	at java.lang.reflect.Method.invoke(Unknown Source)
	at org.springframework.beans.factory.support.SimpleInstantiationStrategy.instantiate(SimpleInstantiationStrategy.java:162)
	... 76 more
